2025-05-21 01:13:46,487 - DEBUG - Starting new HTTPS connection (1): huggingface.co:443
2025-05-21 01:13:46,609 - DEBUG - https://huggingface.co:443 "GET /api/models/bert-base-uncased HTTP/1.1" 307 76
2025-05-21 01:13:47,529 - DEBUG - https://huggingface.co:443 "GET /api/models/google-bert/bert-base-uncased HTTP/1.1" 200 4437
2025-05-21 01:13:47,539 - DEBUG - Starting new HTTPS connection (1): huggingface.co:443
2025-05-21 01:13:47,649 - DEBUG - https://huggingface.co:443 "HEAD /bert-base-uncased/resolve/main/vocab.txt HTTP/1.1" 200 0
2025-05-21 01:13:47,657 - DEBUG - Starting new HTTPS connection (1): huggingface.co:443
2025-05-21 01:13:47,811 - DEBUG - https://huggingface.co:443 "HEAD /bert-base-uncased/resolve/main/added_tokens.json HTTP/1.1" 404 0
2025-05-21 01:13:47,823 - DEBUG - Starting new HTTPS connection (1): huggingface.co:443
2025-05-21 01:13:47,934 - DEBUG - https://huggingface.co:443 "HEAD /bert-base-uncased/resolve/main/special_tokens_map.json HTTP/1.1" 404 0
2025-05-21 01:13:47,943 - DEBUG - Starting new HTTPS connection (1): huggingface.co:443
2025-05-21 01:13:48,058 - DEBUG - https://huggingface.co:443 "HEAD /bert-base-uncased/resolve/main/tokenizer_config.json HTTP/1.1" 200 0
2025-05-21 01:13:48,058 - DEBUG - Starting new HTTPS connection (1): huggingface.co:443
2025-05-21 01:13:48,188 - DEBUG - https://huggingface.co:443 "HEAD /bert-base-uncased/resolve/main/tokenizer.json HTTP/1.1" 200 0
2025-05-21 01:13:48,283 - DEBUG - Starting new HTTPS connection (1): huggingface.co:443
2025-05-21 01:13:48,438 - DEBUG - https://huggingface.co:443 "HEAD /bert-base-uncased/resolve/main/config.json HTTP/1.1" 200 0
2025-05-21 01:13:48,650 - DEBUG - Starting new HTTPS connection (1): huggingface.co:443
2025-05-21 01:13:48,778 - DEBUG - https://huggingface.co:443 "HEAD /bert-base-uncased/resolve/main/config.json HTTP/1.1" 200 0
2025-05-21 01:13:48,788 - DEBUG - Starting new HTTPS connection (1): huggingface.co:443
2025-05-21 01:13:48,937 - DEBUG - https://huggingface.co:443 "HEAD /bert-base-uncased/resolve/main/pytorch_model.bin HTTP/1.1" 302 0
2025-05-21 01:13:50,262 - DEBUG - Starting new HTTPS connection (1): huggingface.co:443
2025-05-21 01:13:50,578 - DEBUG - https://huggingface.co:443 "GET /api/models/bert-base-uncased HTTP/1.1" 307 76
2025-05-21 01:13:50,789 - DEBUG - https://huggingface.co:443 "GET /api/models/google-bert/bert-base-uncased HTTP/1.1" 200 4437
2025-05-21 01:13:50,792 - DEBUG - Starting new HTTPS connection (1): huggingface.co:443
2025-05-21 01:13:50,921 - DEBUG - https://huggingface.co:443 "HEAD /bert-base-uncased/resolve/main/vocab.txt HTTP/1.1" 200 0
2025-05-21 01:13:50,921 - DEBUG - Starting new HTTPS connection (1): huggingface.co:443
2025-05-21 01:13:51,054 - DEBUG - https://huggingface.co:443 "HEAD /bert-base-uncased/resolve/main/added_tokens.json HTTP/1.1" 404 0
2025-05-21 01:13:51,070 - DEBUG - Starting new HTTPS connection (1): huggingface.co:443
2025-05-21 01:13:51,186 - DEBUG - https://huggingface.co:443 "HEAD /bert-base-uncased/resolve/main/special_tokens_map.json HTTP/1.1" 404 0
2025-05-21 01:13:51,195 - DEBUG - Starting new HTTPS connection (1): huggingface.co:443
2025-05-21 01:13:51,383 - DEBUG - https://huggingface.co:443 "HEAD /bert-base-uncased/resolve/main/tokenizer_config.json HTTP/1.1" 200 0
2025-05-21 01:13:51,391 - DEBUG - Starting new HTTPS connection (1): huggingface.co:443
2025-05-21 01:13:51,532 - DEBUG - https://huggingface.co:443 "HEAD /bert-base-uncased/resolve/main/tokenizer.json HTTP/1.1" 200 0
2025-05-21 01:13:51,536 - DEBUG - Starting new HTTPS connection (1): huggingface.co:443
2025-05-21 01:13:51,654 - DEBUG - https://huggingface.co:443 "HEAD /bert-base-uncased/resolve/main/config.json HTTP/1.1" 200 0
2025-05-21 01:13:51,736 - DEBUG - Starting new HTTPS connection (1): huggingface.co:443
2025-05-21 01:13:51,870 - DEBUG - https://huggingface.co:443 "HEAD /bert-base-uncased/resolve/main/config.json HTTP/1.1" 200 0
2025-05-21 01:13:51,877 - DEBUG - Starting new HTTPS connection (1): huggingface.co:443
2025-05-21 01:13:52,026 - DEBUG - https://huggingface.co:443 "HEAD /bert-base-uncased/resolve/main/pytorch_model.bin HTTP/1.1" 302 0
2025-05-21 01:13:53,436 - INFO - Successfully imported all required modules
2025-05-21 01:13:53,444 - INFO - Running with arguments: {'use_bert': True, 'validation_mode': 'hybrid', 'cell_weight': 0.3, 'benchmark': 'santos_benchmark', 'saveMT': 1, 'save_report': False}
2025-05-21 01:13:53,444 - ERROR - Query directory does not exist: datasets\santos_benchmark\queries
