2025-05-21 22:06:35,080 - DEBUG - Starting new HTTPS connection (1): huggingface.co:443
2025-05-21 22:06:35,405 - DEBUG - https://huggingface.co:443 "GET /api/models/bert-base-uncased HTTP/1.1" 307 76
2025-05-21 22:06:35,572 - DEBUG - https://huggingface.co:443 "GET /api/models/google-bert/bert-base-uncased HTTP/1.1" 200 4437
2025-05-21 22:06:35,580 - DEBUG - Starting new HTTPS connection (1): huggingface.co:443
2025-05-21 22:06:35,894 - DEBUG - https://huggingface.co:443 "HEAD /bert-base-uncased/resolve/main/vocab.txt HTTP/1.1" 200 0
2025-05-21 22:06:35,908 - DEBUG - Starting new HTTPS connection (1): huggingface.co:443
2025-05-21 22:06:36,033 - DEBUG - https://huggingface.co:443 "HEAD /bert-base-uncased/resolve/main/added_tokens.json HTTP/1.1" 404 0
2025-05-21 22:06:36,037 - DEBUG - Starting new HTTPS connection (1): huggingface.co:443
2025-05-21 22:06:36,159 - DEBUG - https://huggingface.co:443 "HEAD /bert-base-uncased/resolve/main/special_tokens_map.json HTTP/1.1" 404 0
2025-05-21 22:06:36,163 - DEBUG - Starting new HTTPS connection (1): huggingface.co:443
2025-05-21 22:06:36,299 - DEBUG - https://huggingface.co:443 "HEAD /bert-base-uncased/resolve/main/tokenizer_config.json HTTP/1.1" 200 0
2025-05-21 22:06:36,309 - DEBUG - Starting new HTTPS connection (1): huggingface.co:443
2025-05-21 22:06:36,476 - DEBUG - https://huggingface.co:443 "HEAD /bert-base-uncased/resolve/main/tokenizer.json HTTP/1.1" 200 0
2025-05-21 22:06:36,567 - DEBUG - Starting new HTTPS connection (1): huggingface.co:443
2025-05-21 22:06:36,739 - DEBUG - https://huggingface.co:443 "HEAD /bert-base-uncased/resolve/main/config.json HTTP/1.1" 200 0
2025-05-21 22:06:36,979 - DEBUG - Starting new HTTPS connection (1): huggingface.co:443
2025-05-21 22:06:37,129 - DEBUG - https://huggingface.co:443 "HEAD /bert-base-uncased/resolve/main/config.json HTTP/1.1" 200 0
2025-05-21 22:06:37,143 - DEBUG - Starting new HTTPS connection (1): huggingface.co:443
2025-05-21 22:06:37,280 - DEBUG - https://huggingface.co:443 "HEAD /bert-base-uncased/resolve/main/pytorch_model.bin HTTP/1.1" 302 0
2025-05-21 22:06:38,712 - DEBUG - Starting new HTTPS connection (1): huggingface.co:443
2025-05-21 22:06:38,822 - DEBUG - https://huggingface.co:443 "GET /api/models/bert-base-uncased HTTP/1.1" 307 76
2025-05-21 22:06:38,875 - DEBUG - https://huggingface.co:443 "GET /api/models/google-bert/bert-base-uncased HTTP/1.1" 200 4437
2025-05-21 22:06:38,883 - DEBUG - Starting new HTTPS connection (1): huggingface.co:443
2025-05-21 22:06:39,012 - DEBUG - https://huggingface.co:443 "HEAD /bert-base-uncased/resolve/main/vocab.txt HTTP/1.1" 200 0
2025-05-21 22:06:39,027 - DEBUG - Starting new HTTPS connection (1): huggingface.co:443
2025-05-21 22:06:39,132 - DEBUG - https://huggingface.co:443 "HEAD /bert-base-uncased/resolve/main/added_tokens.json HTTP/1.1" 404 0
2025-05-21 22:06:39,140 - DEBUG - Starting new HTTPS connection (1): huggingface.co:443
2025-05-21 22:06:39,249 - DEBUG - https://huggingface.co:443 "HEAD /bert-base-uncased/resolve/main/special_tokens_map.json HTTP/1.1" 404 0
2025-05-21 22:06:39,257 - DEBUG - Starting new HTTPS connection (1): huggingface.co:443
2025-05-21 22:06:39,353 - DEBUG - https://huggingface.co:443 "HEAD /bert-base-uncased/resolve/main/tokenizer_config.json HTTP/1.1" 200 0
2025-05-21 22:06:39,359 - DEBUG - Starting new HTTPS connection (1): huggingface.co:443
2025-05-21 22:06:39,465 - DEBUG - https://huggingface.co:443 "HEAD /bert-base-uncased/resolve/main/tokenizer.json HTTP/1.1" 200 0
2025-05-21 22:06:39,479 - DEBUG - Starting new HTTPS connection (1): huggingface.co:443
2025-05-21 22:06:39,595 - DEBUG - https://huggingface.co:443 "HEAD /bert-base-uncased/resolve/main/config.json HTTP/1.1" 200 0
2025-05-21 22:06:39,681 - DEBUG - Starting new HTTPS connection (1): huggingface.co:443
2025-05-21 22:06:39,833 - DEBUG - https://huggingface.co:443 "HEAD /bert-base-uncased/resolve/main/config.json HTTP/1.1" 200 0
2025-05-21 22:06:39,841 - DEBUG - Starting new HTTPS connection (1): huggingface.co:443
2025-05-21 22:06:39,948 - DEBUG - https://huggingface.co:443 "HEAD /bert-base-uncased/resolve/main/pytorch_model.bin HTTP/1.1" 302 0
2025-05-21 22:06:41,576 - INFO - Successfully imported all required modules
2025-05-21 22:06:41,576 - INFO - Running with arguments: {'use_bert': True, 'validation_mode': 'hybrid', 'cell_weight': 0.3, 'benchmark': 'santos_benchmark', 'saveMT': 1, 'save_report': False}
2025-05-21 22:06:41,585 - INFO - Looking for datasets in: datasets\santos_benchmark\query
2025-05-21 22:06:41,585 - INFO - Loading candidate tables from: results_candidate_tables\santos_benchmark\candidateTables.json
2025-05-21 22:06:41,585 - INFO - Loaded 1 entries from candidate tables file
2025-05-21 22:06:41,585 - INFO - Sample candidate key: workforce_management_information_a.csv
2025-05-21 22:06:41,585 - INFO - Sample entry has 1 candidate tables
2025-05-21 22:06:41,585 - INFO - Found 1 source tables
2025-05-21 22:06:41,585 - INFO - Dataset 0: workforce_management_information_a.csv
2025-05-21 22:06:41,585 - INFO - Checking originating tables at: results_candidate_tables\santos_benchmark\originatingTables.json
2025-05-21 22:06:41,585 - INFO - Loaded 1 entries from originating tables file
2025-05-21 22:06:41,585 - INFO - Sample ground truth key: workforce_management_information_a.csv
2025-05-21 22:06:41,585 - INFO - Sample entry: {'workforce_management_information_4.csv': {}}
2025-05-21 22:06:41,595 - INFO - 
=========== 0) Source Table: workforce_management_information_a.csv ===========
2025-05-21 22:06:41,595 - INFO - Loading source table from: datasets\santos_benchmark\query\workforce_management_information_a.csv
2025-05-21 22:06:41,614 - INFO - Source table loaded: 17 rows, 41 columns
2025-05-21 22:06:41,617 - DEBUG - Source table columns: ['Organisation Name', 'Organisation Type', 'Main, parent or sponsoring department', 'Payroll staff AO/AA Headcount', 'Payroll staff AO/AA Full-time Equivalent', 'Payroll staff EO Headcount', 'Payroll staff EO Full-time Equivalent', 'Payroll staff SEO/HEO Headcount', 'Payroll staff SEO/HEO Full-time Equivalent', 'Payroll staff Grade 6/7 Headcount', 'Payroll staff Grade 6/7 Full-time Equivalent', 'Payroll staff SCS Headcount', 'Payroll staff SCS Full-time Equivalent', 'Payroll staff Other, unknown or unspecified Headcount', 'Payroll staff Other, unknown or unspecified Full-time Equivalent', 'Payroll staff Total Employees Headcount', 'Payroll staff Total Employees Full-time Equivalent', 'Non-payroll Staff Agency staff (clerical/admin) Headcount', 'Non-payroll Staff Agency staff (clerical/admin) Full-time Equivalent', 'Non-payroll Staff Intermin Managers Headcount', 'Non-payroll Staff Interim Managers Full-time Equivalent', 'Non-payroll Staff Specialist Contractors Headcount', 'Non-payroll Staff Specialist Contractors Full-time Equivalent', 'Non-payroll Staff Consultants/Consultancy Headcount', 'Non-payroll Staff Consultants/Consultancy Full-time Equivalent', 'Non-payroll Staff Total Employees Headcount', 'Non-payroll Staff Total Employees Full-time Equivalent', 'Grand Total (workforce numbers) Headcount', 'Grand Total (workforce numbers) Full-time Equivalent', 'Payroll Staff Costs Salary', 'Payroll Staff Costs Allowances', 'Payroll Staff Costs Non-consolidated performance payments', 'Payroll Staff Costs Overtime', 'Payroll Staff Costs Employer pension contributions', 'Payroll Staff Costs Employer national insurance contributions', 'Payroll Staff Costs Total paybill for payroll staff', 'Non-payroll Staff Total cost of contingent labour: agency (clerical and admin) staff, interim managers and specialist contractors', 'Non-payroll Staff Total cost of consultants/consultancy', 'Non-payroll Staff Total non-payroll (CCL) staff costs', 'Grand Total paybill/staffing (payroll and non-payroll) costs', 'Comments']
2025-05-21 22:06:41,617 - DEBUG - Source table first row: ['Department for Environment, Food and Rural Affairs', 'Ministerial Department', 'Department for Environment, Food and Rural Affairs', '166', '157.95', '317', '301.99', '965', '931.35', '543', '523.23', '95', '91.55', '0', '0', '2086', '2006.07', '18', '18', '12', '12', '67', '67', '1', '1', '98', '98', '2184', '2104.07', '£7,439,499', '£5,584', '£38,123', '£22,889', '£1,345,257', '£585,516', '£9,436,868', '£858,347', '£19,624', '£877,971', '£10,314,839', nan]
2025-05-21 22:06:41,619 - INFO - Using hybrid validation mode with cell_weight=0.3
2025-05-21 22:06:41,619 - DEBUG - Checking candidate table: workforce_management_information_4.csv
2025-05-21 22:06:41,626 - DEBUG - Loaded candidate table: 17 rows, 42 columns
2025-05-21 22:09:08,567 - DEBUG - Row-level score for workforce_management_information_4.csv: 1.0
2025-05-21 22:12:15,245 - DEBUG - Cell-level validation for workforce_management_information_4.csv: row=1.0, cell=0.9897660818713451, combined=0.9959064327485381
2025-05-21 22:12:15,245 - INFO - Sorted candidates: [('workforce_management_information_4.csv', 0.9969298245614034)]
2025-05-21 22:12:15,245 - INFO - Final Scores for workforce_management_information_a.csv (using threshold=0.85, cell_weight=0.3):
2025-05-21 22:12:15,245 - INFO -   workforce_management_information_4.csv: 0.9969
2025-05-21 22:12:15,245 - INFO - Selected originating tables: ['workforce_management_information_4.csv']
2025-05-21 22:12:15,245 - DEBUG - Ground truth for workforce_management_information_a.csv: {'workforce_management_information_4.csv': {}}
2025-05-21 22:12:15,279 - INFO - Saved originating tables to results_candidate_tables\santos_benchmark\originatingTables.json
2025-05-21 22:12:15,279 - INFO - 
============================================
2025-05-21 22:12:15,284 - INFO - Saved runtime statistics to experiment_logs\santos_benchmark\runtimes_genT_hybrid.json
2025-05-21 22:12:15,285 - INFO - 
 FINAL TOP-1 ACCURACY: 1/1 = 100.00%
2025-05-21 22:12:15,285 - INFO - FINISHED ALL 1 SOURCES IN 333.701 seconds (5.56 min, 0.09 hrs)
2025-05-21 22:12:15,285 - INFO - 
Validation Mode: hybrid
2025-05-21 22:12:15,285 - INFO - Cell Weight: 0.30
