2025-05-21 01:19:20,816 - DEBUG - Starting new HTTPS connection (1): huggingface.co:443
2025-05-21 01:19:21,008 - DEBUG - https://huggingface.co:443 "GET /api/models/bert-base-uncased HTTP/1.1" 307 76
2025-05-21 01:19:21,072 - DEBUG - https://huggingface.co:443 "GET /api/models/google-bert/bert-base-uncased HTTP/1.1" 200 4437
2025-05-21 01:19:21,080 - DEBUG - Starting new HTTPS connection (1): huggingface.co:443
2025-05-21 01:19:21,240 - DEBUG - https://huggingface.co:443 "HEAD /bert-base-uncased/resolve/main/vocab.txt HTTP/1.1" 200 0
2025-05-21 01:19:21,247 - DEBUG - Starting new HTTPS connection (1): huggingface.co:443
2025-05-21 01:19:21,367 - DEBUG - https://huggingface.co:443 "HEAD /bert-base-uncased/resolve/main/added_tokens.json HTTP/1.1" 404 0
2025-05-21 01:19:21,369 - DEBUG - Starting new HTTPS connection (1): huggingface.co:443
2025-05-21 01:19:21,505 - DEBUG - https://huggingface.co:443 "HEAD /bert-base-uncased/resolve/main/special_tokens_map.json HTTP/1.1" 404 0
2025-05-21 01:19:21,511 - DEBUG - Starting new HTTPS connection (1): huggingface.co:443
2025-05-21 01:19:21,662 - DEBUG - https://huggingface.co:443 "HEAD /bert-base-uncased/resolve/main/tokenizer_config.json HTTP/1.1" 200 0
2025-05-21 01:19:21,669 - DEBUG - Starting new HTTPS connection (1): huggingface.co:443
2025-05-21 01:19:21,793 - DEBUG - https://huggingface.co:443 "HEAD /bert-base-uncased/resolve/main/tokenizer.json HTTP/1.1" 200 0
2025-05-21 01:19:21,884 - DEBUG - Starting new HTTPS connection (1): huggingface.co:443
2025-05-21 01:19:22,011 - DEBUG - https://huggingface.co:443 "HEAD /bert-base-uncased/resolve/main/config.json HTTP/1.1" 200 0
2025-05-21 01:19:22,221 - DEBUG - Starting new HTTPS connection (1): huggingface.co:443
2025-05-21 01:19:22,322 - DEBUG - https://huggingface.co:443 "HEAD /bert-base-uncased/resolve/main/config.json HTTP/1.1" 200 0
2025-05-21 01:19:22,337 - DEBUG - Starting new HTTPS connection (1): huggingface.co:443
2025-05-21 01:19:22,521 - DEBUG - https://huggingface.co:443 "HEAD /bert-base-uncased/resolve/main/pytorch_model.bin HTTP/1.1" 302 0
2025-05-21 01:19:23,948 - DEBUG - Starting new HTTPS connection (1): huggingface.co:443
2025-05-21 01:19:24,060 - DEBUG - https://huggingface.co:443 "GET /api/models/bert-base-uncased HTTP/1.1" 307 76
2025-05-21 01:19:24,117 - DEBUG - https://huggingface.co:443 "GET /api/models/google-bert/bert-base-uncased HTTP/1.1" 200 4437
2025-05-21 01:19:24,129 - DEBUG - Starting new HTTPS connection (1): huggingface.co:443
2025-05-21 01:19:24,234 - DEBUG - https://huggingface.co:443 "HEAD /bert-base-uncased/resolve/main/vocab.txt HTTP/1.1" 200 0
2025-05-21 01:19:24,240 - DEBUG - Starting new HTTPS connection (1): huggingface.co:443
2025-05-21 01:19:24,378 - DEBUG - https://huggingface.co:443 "HEAD /bert-base-uncased/resolve/main/added_tokens.json HTTP/1.1" 404 0
2025-05-21 01:19:24,396 - DEBUG - Starting new HTTPS connection (1): huggingface.co:443
2025-05-21 01:19:24,517 - DEBUG - https://huggingface.co:443 "HEAD /bert-base-uncased/resolve/main/special_tokens_map.json HTTP/1.1" 404 0
2025-05-21 01:19:24,527 - DEBUG - Starting new HTTPS connection (1): huggingface.co:443
2025-05-21 01:19:24,677 - DEBUG - https://huggingface.co:443 "HEAD /bert-base-uncased/resolve/main/tokenizer_config.json HTTP/1.1" 200 0
2025-05-21 01:19:24,688 - DEBUG - Starting new HTTPS connection (1): huggingface.co:443
2025-05-21 01:19:24,845 - DEBUG - https://huggingface.co:443 "HEAD /bert-base-uncased/resolve/main/tokenizer.json HTTP/1.1" 200 0
2025-05-21 01:19:24,855 - DEBUG - Starting new HTTPS connection (1): huggingface.co:443
2025-05-21 01:19:24,978 - DEBUG - https://huggingface.co:443 "HEAD /bert-base-uncased/resolve/main/config.json HTTP/1.1" 200 0
2025-05-21 01:19:25,060 - DEBUG - Starting new HTTPS connection (1): huggingface.co:443
2025-05-21 01:19:25,178 - DEBUG - https://huggingface.co:443 "HEAD /bert-base-uncased/resolve/main/config.json HTTP/1.1" 200 0
2025-05-21 01:19:25,190 - DEBUG - Starting new HTTPS connection (1): huggingface.co:443
2025-05-21 01:19:25,327 - DEBUG - https://huggingface.co:443 "HEAD /bert-base-uncased/resolve/main/pytorch_model.bin HTTP/1.1" 302 0
2025-05-21 01:19:26,672 - INFO - Successfully imported all required modules
2025-05-21 01:19:26,681 - INFO - Running with arguments: {'use_bert': True, 'validation_mode': 'hybrid', 'cell_weight': 0.3, 'benchmark': 'santos_benchmark', 'saveMT': 1, 'save_report': False}
2025-05-21 01:19:26,681 - INFO - Looking for datasets in: datasets\santos_benchmark\query
2025-05-21 01:19:26,681 - INFO - Found 50 source tables
2025-05-21 01:19:26,681 - INFO - Dataset 0: 311_calls_historic_data_a.csv
2025-05-21 01:19:26,681 - INFO - Dataset 1: abandoned_wells_a.csv
2025-05-21 01:19:26,681 - INFO - Dataset 2: albums_a.csv
2025-05-21 01:19:26,681 - INFO - Dataset 3: albums_b.csv
2025-05-21 01:19:26,681 - INFO - Dataset 4: animal_tag_data_a.csv
2025-05-21 01:19:26,681 - INFO - Loading candidate tables from: results_candidate_tables\santos_benchmark\candidateTables.json
2025-05-21 01:19:26,685 - INFO - Loaded 1 entries from candidate tables file
2025-05-21 01:19:26,685 - INFO - Sample candidate key: workforce_management_information_a.csv
2025-05-21 01:19:26,685 - INFO - Sample entry has 1 candidate tables
2025-05-21 01:19:26,685 - INFO - Checking originating tables at: results_candidate_tables\santos_benchmark\originatingTables.json
2025-05-21 01:19:26,685 - INFO - Loaded 1 entries from originating tables file
2025-05-21 01:19:26,685 - INFO - Sample ground truth key: workforce_management_information_a.csv
2025-05-21 01:19:26,685 - INFO - Sample entry: {'workforce_management_information_4.csv': {}}
2025-05-21 01:19:26,688 - INFO - 
=========== 0) Source Table: 311_calls_historic_data_a.csv ===========
2025-05-21 01:19:26,690 - WARNING - Source table 311_calls_historic_data_a.csv not found in candidate tables
2025-05-21 01:19:26,690 - INFO - 
=========== 1) Source Table: abandoned_wells_a.csv ===========
2025-05-21 01:19:26,690 - WARNING - Source table abandoned_wells_a.csv not found in candidate tables
2025-05-21 01:19:26,690 - INFO - 
=========== 2) Source Table: albums_a.csv ===========
2025-05-21 01:19:26,692 - WARNING - Source table albums_a.csv not found in candidate tables
2025-05-21 01:19:26,692 - INFO - 
=========== 3) Source Table: albums_b.csv ===========
2025-05-21 01:19:26,692 - WARNING - Source table albums_b.csv not found in candidate tables
2025-05-21 01:19:26,692 - INFO - 
=========== 4) Source Table: animal_tag_data_a.csv ===========
2025-05-21 01:19:26,692 - WARNING - Source table animal_tag_data_a.csv not found in candidate tables
2025-05-21 01:19:26,692 - INFO - 
=========== 5) Source Table: animal_tag_data_b.csv ===========
2025-05-21 01:19:26,692 - WARNING - Source table animal_tag_data_b.csv not found in candidate tables
2025-05-21 01:19:26,692 - INFO - 
=========== 6) Source Table: biodiversity_a.csv ===========
2025-05-21 01:19:26,692 - WARNING - Source table biodiversity_a.csv not found in candidate tables
2025-05-21 01:19:26,692 - INFO - 
=========== 7) Source Table: business_rates_a.csv ===========
2025-05-21 01:19:26,692 - WARNING - Source table business_rates_a.csv not found in candidate tables
2025-05-21 01:19:26,692 - INFO - 
=========== 8) Source Table: cdc_nutrition_physical_activity_and_obesity_legislation_a.csv ===========
2025-05-21 01:19:26,695 - WARNING - Source table cdc_nutrition_physical_activity_and_obesity_legislation_a.csv not found in candidate tables
2025-05-21 01:19:26,695 - INFO - 
=========== 9) Source Table: cihr_co-applicant_a.csv ===========
2025-05-21 01:19:26,696 - WARNING - Source table cihr_co-applicant_a.csv not found in candidate tables
2025-05-21 01:19:26,696 - INFO - 
=========== 10) Source Table: cihr_co-applicant_b.csv ===========
2025-05-21 01:19:26,696 - WARNING - Source table cihr_co-applicant_b.csv not found in candidate tables
2025-05-21 01:19:26,696 - INFO - 
=========== 11) Source Table: civic_building_locations_a.csv ===========
2025-05-21 01:19:26,696 - WARNING - Source table civic_building_locations_a.csv not found in candidate tables
2025-05-21 01:19:26,696 - INFO - 
=========== 12) Source Table: complaint_by_practice_a.csv ===========
2025-05-21 01:19:26,696 - WARNING - Source table complaint_by_practice_a.csv not found in candidate tables
2025-05-21 01:19:26,696 - INFO - 
=========== 13) Source Table: complaint_by_practice_b.csv ===========
2025-05-21 01:19:26,696 - WARNING - Source table complaint_by_practice_b.csv not found in candidate tables
2025-05-21 01:19:26,696 - INFO - 
=========== 14) Source Table: contributors_parties_a.csv ===========
2025-05-21 01:19:26,696 - WARNING - Source table contributors_parties_a.csv not found in candidate tables
2025-05-21 01:19:26,696 - INFO - 
=========== 15) Source Table: contributors_parties_b.csv ===========
2025-05-21 01:19:26,696 - WARNING - Source table contributors_parties_b.csv not found in candidate tables
2025-05-21 01:19:26,696 - INFO - 
=========== 16) Source Table: data_mill_a.csv ===========
2025-05-21 01:19:26,696 - WARNING - Source table data_mill_a.csv not found in candidate tables
2025-05-21 01:19:26,696 - INFO - 
=========== 17) Source Table: data_mill_b.csv ===========
2025-05-21 01:19:26,696 - WARNING - Source table data_mill_b.csv not found in candidate tables
2025-05-21 01:19:26,700 - INFO - 
=========== 18) Source Table: deaths_2012_2018_a.csv ===========
2025-05-21 01:19:26,700 - WARNING - Source table deaths_2012_2018_a.csv not found in candidate tables
2025-05-21 01:19:26,701 - INFO - 
=========== 19) Source Table: film_locations_in_san_francisco_a.csv ===========
2025-05-21 01:19:26,701 - WARNING - Source table film_locations_in_san_francisco_a.csv not found in candidate tables
2025-05-21 01:19:26,701 - INFO - 
=========== 20) Source Table: immigration_records_a.csv ===========
2025-05-21 01:19:26,701 - WARNING - Source table immigration_records_a.csv not found in candidate tables
2025-05-21 01:19:26,701 - INFO - 
=========== 21) Source Table: ipopayments_a.csv ===========
2025-05-21 01:19:26,701 - WARNING - Source table ipopayments_a.csv not found in candidate tables
2025-05-21 01:19:26,701 - INFO - 
=========== 22) Source Table: ipopayments_b.csv ===========
2025-05-21 01:19:26,704 - WARNING - Source table ipopayments_b.csv not found in candidate tables
2025-05-21 01:19:26,704 - INFO - 
=========== 23) Source Table: job_pay_scales_a.csv ===========
2025-05-21 01:19:26,704 - WARNING - Source table job_pay_scales_a.csv not found in candidate tables
2025-05-21 01:19:26,704 - INFO - 
=========== 24) Source Table: lane_description_a.csv ===========
2025-05-21 01:19:26,704 - WARNING - Source table lane_description_a.csv not found in candidate tables
2025-05-21 01:19:26,704 - INFO - 
=========== 25) Source Table: lane_description_b.csv ===========
2025-05-21 01:19:26,704 - WARNING - Source table lane_description_b.csv not found in candidate tables
2025-05-21 01:19:26,704 - INFO - 
=========== 26) Source Table: mines_a.csv ===========
2025-05-21 01:19:26,704 - WARNING - Source table mines_a.csv not found in candidate tables
2025-05-21 01:19:26,704 - INFO - 
=========== 27) Source Table: mines_b.csv ===========
2025-05-21 01:19:26,704 - WARNING - Source table mines_b.csv not found in candidate tables
2025-05-21 01:19:26,704 - INFO - 
=========== 28) Source Table: minister_meetings_a.csv ===========
2025-05-21 01:19:26,704 - WARNING - Source table minister_meetings_a.csv not found in candidate tables
2025-05-21 01:19:26,704 - INFO - 
=========== 29) Source Table: monthly_data_feed_a.csv ===========
2025-05-21 01:19:26,704 - WARNING - Source table monthly_data_feed_a.csv not found in candidate tables
2025-05-21 01:19:26,704 - INFO - 
=========== 30) Source Table: monthly_data_feed_b.csv ===========
2025-05-21 01:19:26,704 - WARNING - Source table monthly_data_feed_b.csv not found in candidate tables
2025-05-21 01:19:26,704 - INFO - 
=========== 31) Source Table: new_york_city_restaurant_inspection_results_a.csv ===========
2025-05-21 01:19:26,704 - WARNING - Source table new_york_city_restaurant_inspection_results_a.csv not found in candidate tables
2025-05-21 01:19:26,704 - INFO - 
=========== 32) Source Table: oil_and_gas_summary_production_data_1967_1999_a.csv ===========
2025-05-21 01:19:26,704 - WARNING - Source table oil_and_gas_summary_production_data_1967_1999_a.csv not found in candidate tables
2025-05-21 01:19:26,704 - INFO - 
=========== 33) Source Table: practice_reference_a.csv ===========
2025-05-21 01:19:26,704 - WARNING - Source table practice_reference_a.csv not found in candidate tables
2025-05-21 01:19:26,704 - INFO - 
=========== 34) Source Table: practice_reference_b.csv ===========
2025-05-21 01:19:26,704 - WARNING - Source table practice_reference_b.csv not found in candidate tables
2025-05-21 01:19:26,712 - INFO - 
=========== 35) Source Table: prescribing_a.csv ===========
2025-05-21 01:19:26,712 - WARNING - Source table prescribing_a.csv not found in candidate tables
2025-05-21 01:19:26,712 - INFO - 
=========== 36) Source Table: prescribing_b.csv ===========
2025-05-21 01:19:26,712 - WARNING - Source table prescribing_b.csv not found in candidate tables
2025-05-21 01:19:26,712 - INFO - 
=========== 37) Source Table: psyckes_antipsychotic_polypharmacy_quality_indicators_beginning_2012_a.csv ===========
2025-05-21 01:19:26,712 - WARNING - Source table psyckes_antipsychotic_polypharmacy_quality_indicators_beginning_2012_a.csv not found in candidate tables
2025-05-21 01:19:26,712 - INFO - 
=========== 38) Source Table: purchasing_card_a.csv ===========
2025-05-21 01:19:26,712 - WARNING - Source table purchasing_card_a.csv not found in candidate tables
2025-05-21 01:19:26,712 - INFO - 
=========== 39) Source Table: report_card_discipline_for_2015_16_a.csv ===========
2025-05-21 01:19:26,712 - WARNING - Source table report_card_discipline_for_2015_16_a.csv not found in candidate tables
2025-05-21 01:19:26,712 - INFO - 
=========== 40) Source Table: senior_officials_expenses_a.csv ===========
2025-05-21 01:19:26,712 - WARNING - Source table senior_officials_expenses_a.csv not found in candidate tables
2025-05-21 01:19:26,712 - INFO - 
=========== 41) Source Table: stockport_contracts_a.csv ===========
2025-05-21 01:19:26,712 - WARNING - Source table stockport_contracts_a.csv not found in candidate tables
2025-05-21 01:19:26,712 - INFO - 
=========== 42) Source Table: stockport_contracts_b.csv ===========
2025-05-21 01:19:26,712 - WARNING - Source table stockport_contracts_b.csv not found in candidate tables
2025-05-21 01:19:26,712 - INFO - 
=========== 43) Source Table: time_spent_watching_vcr_movies_a.csv ===========
2025-05-21 01:19:26,712 - WARNING - Source table time_spent_watching_vcr_movies_a.csv not found in candidate tables
2025-05-21 01:19:26,712 - INFO - 
=========== 44) Source Table: tuition_assistance_program_tap_recipients_a.csv ===========
2025-05-21 01:19:26,712 - WARNING - Source table tuition_assistance_program_tap_recipients_a.csv not found in candidate tables
2025-05-21 01:19:26,712 - INFO - 
=========== 45) Source Table: wholesale_markets_a.csv ===========
2025-05-21 01:19:26,712 - WARNING - Source table wholesale_markets_a.csv not found in candidate tables
2025-05-21 01:19:26,712 - INFO - 
=========== 46) Source Table: workforce_management_information_a.csv ===========
2025-05-21 01:19:26,712 - INFO - Loading source table from: datasets\santos_benchmark\query\workforce_management_information_a.csv
2025-05-21 01:19:26,738 - INFO - Source table loaded: 17 rows, 41 columns
2025-05-21 01:19:26,738 - DEBUG - Source table columns: ['Organisation Name', 'Organisation Type', 'Main, parent or sponsoring department', 'Payroll staff AO/AA Headcount', 'Payroll staff AO/AA Full-time Equivalent', 'Payroll staff EO Headcount', 'Payroll staff EO Full-time Equivalent', 'Payroll staff SEO/HEO Headcount', 'Payroll staff SEO/HEO Full-time Equivalent', 'Payroll staff Grade 6/7 Headcount', 'Payroll staff Grade 6/7 Full-time Equivalent', 'Payroll staff SCS Headcount', 'Payroll staff SCS Full-time Equivalent', 'Payroll staff Other, unknown or unspecified Headcount', 'Payroll staff Other, unknown or unspecified Full-time Equivalent', 'Payroll staff Total Employees Headcount', 'Payroll staff Total Employees Full-time Equivalent', 'Non-payroll Staff Agency staff (clerical/admin) Headcount', 'Non-payroll Staff Agency staff (clerical/admin) Full-time Equivalent', 'Non-payroll Staff Intermin Managers Headcount', 'Non-payroll Staff Interim Managers Full-time Equivalent', 'Non-payroll Staff Specialist Contractors Headcount', 'Non-payroll Staff Specialist Contractors Full-time Equivalent', 'Non-payroll Staff Consultants/Consultancy Headcount', 'Non-payroll Staff Consultants/Consultancy Full-time Equivalent', 'Non-payroll Staff Total Employees Headcount', 'Non-payroll Staff Total Employees Full-time Equivalent', 'Grand Total (workforce numbers) Headcount', 'Grand Total (workforce numbers) Full-time Equivalent', 'Payroll Staff Costs Salary', 'Payroll Staff Costs Allowances', 'Payroll Staff Costs Non-consolidated performance payments', 'Payroll Staff Costs Overtime', 'Payroll Staff Costs Employer pension contributions', 'Payroll Staff Costs Employer national insurance contributions', 'Payroll Staff Costs Total paybill for payroll staff', 'Non-payroll Staff Total cost of contingent labour: agency (clerical and admin) staff, interim managers and specialist contractors', 'Non-payroll Staff Total cost of consultants/consultancy', 'Non-payroll Staff Total non-payroll (CCL) staff costs', 'Grand Total paybill/staffing (payroll and non-payroll) costs', 'Comments']
2025-05-21 01:19:26,738 - DEBUG - Source table first row: ['Department for Environment, Food and Rural Affairs', 'Ministerial Department', 'Department for Environment, Food and Rural Affairs', '166', '157.95', '317', '301.99', '965', '931.35', '543', '523.23', '95', '91.55', '0', '0', '2086', '2006.07', '18', '18', '12', '12', '67', '67', '1', '1', '98', '98', '2184', '2104.07', '£7,439,499', '£5,584', '£38,123', '£22,889', '£1,345,257', '£585,516', '£9,436,868', '£858,347', '£19,624', '£877,971', '£10,314,839', nan]
2025-05-21 01:19:26,738 - INFO - Using hybrid validation mode with cell_weight=0.3
2025-05-21 01:19:26,738 - DEBUG - Checking candidate table: workforce_management_information_4.csv
2025-05-21 01:19:26,745 - DEBUG - Loaded candidate table: 17 rows, 42 columns
2025-05-21 01:22:01,755 - DEBUG - Row-level score for workforce_management_information_4.csv: 1.0
